<?xml version="1.0" encoding="UTF-8"?>
<!-- Generated by org.testng.reporters.JUnitXMLReporter -->
<testsuite hostname="DESKTOP-OGMET0T" failures="0" tests="2" name="Default test" time="2.562" errors="0" timestamp="9 Nov 2020 06:11:14 GMT">
  <testcase classname="com.restassured.positivetestcases.PositiveTestCases" name="CountryCapitalReturn" time="2.268"/>
  <testcase classname="com.restassured.positivetestcases.PositiveTestCases" name="CountryCodeReturn" time="0.248"/>
</testsuite> <!-- Default test -->
