<?xml version="1.0" encoding="UTF-8"?>
<testng-results total="2" passed="2" failed="0" skipped="0">
  <reporter-output>
  </reporter-output>
  <suite started-at="2020-11-09T06:11:12Z" name="Default suite" finished-at="2020-11-09T06:11:14Z" duration-ms="2562">
    <groups>
    </groups>
    <test started-at="2020-11-09T06:11:12Z" name="Default test" finished-at="2020-11-09T06:11:14Z" duration-ms="2562">
      <class name="com.restassured.positivetestcases.PositiveTestCases">
        <test-method signature="CountryCapitalReturn()[pri:0, instance:com.restassured.positivetestcases.PositiveTestCases@be64738]" started-at="2020-11-08T22:11:12Z" name="CountryCapitalReturn" finished-at="2020-11-08T22:11:14Z" duration-ms="2268" status="PASS">
          <reporter-output>
          </reporter-output>
        </test-method> <!-- CountryCapitalReturn -->
        <test-method signature="CountryCodeReturn()[pri:0, instance:com.restassured.positivetestcases.PositiveTestCases@be64738]" started-at="2020-11-08T22:11:14Z" name="CountryCodeReturn" finished-at="2020-11-08T22:11:14Z" duration-ms="248" status="PASS">
          <reporter-output>
          </reporter-output>
        </test-method> <!-- CountryCodeReturn -->
      </class> <!-- com.restassured.positivetestcases.PositiveTestCases -->
    </test> <!-- Default test -->
  </suite> <!-- Default suite -->
</testng-results>
